CRITICAL - 2022-02-28 15:44:46 --> Call to undefined method CodeIgniter\View\View::extends()
#0 C:\xampp\htdocs\vscode\clase05\system\View\View.php(210): include()
#1 C:\xampp\htdocs\vscode\clase05\system\View\View.php(213): CodeIgniter\View\View->CodeIgniter\View\{closure}()
#2 C:\xampp\htdocs\vscode\clase05\system\Common.php(1089): CodeIgniter\View\View->render('dashboard/index', Array, true)
#3 C:\xampp\htdocs\vscode\clase05\app\Controllers\Dashboard.php(9): view('dashboard/index')
#4 C:\xampp\htdocs\vscode\clase05\system\CodeIgniter.php(825): App\Controllers\Dashboard->index()
#5 C:\xampp\htdocs\vscode\clase05\system\CodeIgniter.php(412): CodeIgniter\CodeIgniter->runController(Object(App\Controllers\Dashboard))
#6 C:\xampp\htdocs\vscode\clase05\system\CodeIgniter.php(320): CodeIgniter\CodeIgniter->handleRequest(NULL, Object(Config\Cache), false)
#7 C:\xampp\htdocs\vscode\clase05\public\index.php(37): CodeIgniter\CodeIgniter->run()
#8 {main}
CRITICAL - 2022-02-28 15:49:18 --> Call to undefined method CodeIgniter\View\View::extends()
#0 C:\xampp\htdocs\vscode\clase05\system\View\View.php(210): include()
#1 C:\xampp\htdocs\vscode\clase05\system\View\View.php(213): CodeIgniter\View\View->CodeIgniter\View\{closure}()
#2 C:\xampp\htdocs\vscode\clase05\system\Common.php(1089): CodeIgniter\View\View->render('dashboard/index', Array, true)
#3 C:\xampp\htdocs\vscode\clase05\app\Controllers\Dashboard.php(9): view('dashboard/index')
#4 C:\xampp\htdocs\vscode\clase05\system\CodeIgniter.php(825): App\Controllers\Dashboard->index()
#5 C:\xampp\htdocs\vscode\clase05\system\CodeIgniter.php(412): CodeIgniter\CodeIgniter->runController(Object(App\Controllers\Dashboard))
#6 C:\xampp\htdocs\vscode\clase05\system\CodeIgniter.php(320): CodeIgniter\CodeIgniter->handleRequest(NULL, Object(Config\Cache), false)
#7 C:\xampp\htdocs\vscode\clase05\public\index.php(37): CodeIgniter\CodeIgniter->run()
#8 {main}
CRITICAL - 2022-02-28 15:49:20 --> Call to undefined method CodeIgniter\View\View::extends()
#0 C:\xampp\htdocs\vscode\clase05\system\View\View.php(210): include()
#1 C:\xampp\htdocs\vscode\clase05\system\View\View.php(213): CodeIgniter\View\View->CodeIgniter\View\{closure}()
#2 C:\xampp\htdocs\vscode\clase05\system\Common.php(1089): CodeIgniter\View\View->render('dashboard/index', Array, true)
#3 C:\xampp\htdocs\vscode\clase05\app\Controllers\Dashboard.php(9): view('dashboard/index')
#4 C:\xampp\htdocs\vscode\clase05\system\CodeIgniter.php(825): App\Controllers\Dashboard->index()
#5 C:\xampp\htdocs\vscode\clase05\system\CodeIgniter.php(412): CodeIgniter\CodeIgniter->runController(Object(App\Controllers\Dashboard))
#6 C:\xampp\htdocs\vscode\clase05\system\CodeIgniter.php(320): CodeIgniter\CodeIgniter->handleRequest(NULL, Object(Config\Cache), false)
#7 C:\xampp\htdocs\vscode\clase05\public\index.php(37): CodeIgniter\CodeIgniter->run()
#8 {main}
CRITICAL - 2022-02-28 15:50:31 --> Call to undefined method CodeIgniter\View\View::extends()
#0 C:\xampp\htdocs\vscode\clase05\system\View\View.php(210): include()
#1 C:\xampp\htdocs\vscode\clase05\system\View\View.php(213): CodeIgniter\View\View->CodeIgniter\View\{closure}()
#2 C:\xampp\htdocs\vscode\clase05\system\Common.php(1089): CodeIgniter\View\View->render('dashboard/index', Array, true)
#3 C:\xampp\htdocs\vscode\clase05\app\Controllers\Dashboard.php(9): view('dashboard/index')
#4 C:\xampp\htdocs\vscode\clase05\system\CodeIgniter.php(825): App\Controllers\Dashboard->index()
#5 C:\xampp\htdocs\vscode\clase05\system\CodeIgniter.php(412): CodeIgniter\CodeIgniter->runController(Object(App\Controllers\Dashboard))
#6 C:\xampp\htdocs\vscode\clase05\system\CodeIgniter.php(320): CodeIgniter\CodeIgniter->handleRequest(NULL, Object(Config\Cache), false)
#7 C:\xampp\htdocs\vscode\clase05\public\index.php(37): CodeIgniter\CodeIgniter->run()
#8 {main}
