CRITICAL - 2022-02-27 21:40:33 --> Call to undefined method CodeIgniter\View\View::extends()
#0 C:\xampp\htdocs\vscode\clase05\system\View\View.php(210): include()
#1 C:\xampp\htdocs\vscode\clase05\system\View\View.php(213): CodeIgniter\View\View->CodeIgniter\View\{closure}()
#2 C:\xampp\htdocs\vscode\clase05\system\Common.php(1089): CodeIgniter\View\View->render('dashboard/index', Array, true)
#3 C:\xampp\htdocs\vscode\clase05\app\Controllers\Dashboard.php(9): view('dashboard/index')
#4 C:\xampp\htdocs\vscode\clase05\system\CodeIgniter.php(825): App\Controllers\Dashboard->index()
#5 C:\xampp\htdocs\vscode\clase05\system\CodeIgniter.php(412): CodeIgniter\CodeIgniter->runController(Object(App\Controllers\Dashboard))
#6 C:\xampp\htdocs\vscode\clase05\system\CodeIgniter.php(320): CodeIgniter\CodeIgniter->handleRequest(NULL, Object(Config\Cache), false)
#7 C:\xampp\htdocs\vscode\clase05\public\index.php(37): CodeIgniter\CodeIgniter->run()
#8 {main}
CRITICAL - 2022-02-27 21:40:36 --> Call to undefined method CodeIgniter\View\View::extends()
#0 C:\xampp\htdocs\vscode\clase05\system\View\View.php(210): include()
#1 C:\xampp\htdocs\vscode\clase05\system\View\View.php(213): CodeIgniter\View\View->CodeIgniter\View\{closure}()
#2 C:\xampp\htdocs\vscode\clase05\system\Common.php(1089): CodeIgniter\View\View->render('dashboard/index', Array, true)
#3 C:\xampp\htdocs\vscode\clase05\app\Controllers\Dashboard.php(9): view('dashboard/index')
#4 C:\xampp\htdocs\vscode\clase05\system\CodeIgniter.php(825): App\Controllers\Dashboard->index()
#5 C:\xampp\htdocs\vscode\clase05\system\CodeIgniter.php(412): CodeIgniter\CodeIgniter->runController(Object(App\Controllers\Dashboard))
#6 C:\xampp\htdocs\vscode\clase05\system\CodeIgniter.php(320): CodeIgniter\CodeIgniter->handleRequest(NULL, Object(Config\Cache), false)
#7 C:\xampp\htdocs\vscode\clase05\public\index.php(37): CodeIgniter\CodeIgniter->run()
#8 {main}
CRITICAL - 2022-02-27 21:41:10 --> Call to undefined method CodeIgniter\View\View::extends()
#0 C:\xampp\htdocs\vscode\clase05\system\View\View.php(210): include()
#1 C:\xampp\htdocs\vscode\clase05\system\View\View.php(213): CodeIgniter\View\View->CodeIgniter\View\{closure}()
#2 C:\xampp\htdocs\vscode\clase05\system\Common.php(1089): CodeIgniter\View\View->render('dashboard/index', Array, true)
#3 C:\xampp\htdocs\vscode\clase05\app\Controllers\Dashboard.php(9): view('dashboard/index')
#4 C:\xampp\htdocs\vscode\clase05\system\CodeIgniter.php(825): App\Controllers\Dashboard->index()
#5 C:\xampp\htdocs\vscode\clase05\system\CodeIgniter.php(412): CodeIgniter\CodeIgniter->runController(Object(App\Controllers\Dashboard))
#6 C:\xampp\htdocs\vscode\clase05\system\CodeIgniter.php(320): CodeIgniter\CodeIgniter->handleRequest(NULL, Object(Config\Cache), false)
#7 C:\xampp\htdocs\vscode\clase05\public\index.php(37): CodeIgniter\CodeIgniter->run()
#8 {main}
CRITICAL - 2022-02-27 21:41:35 --> Call to undefined method CodeIgniter\View\View::extends()
#0 C:\xampp\htdocs\vscode\clase05\system\View\View.php(210): include()
#1 C:\xampp\htdocs\vscode\clase05\system\View\View.php(213): CodeIgniter\View\View->CodeIgniter\View\{closure}()
#2 C:\xampp\htdocs\vscode\clase05\system\Common.php(1089): CodeIgniter\View\View->render('dashboard/index', Array, true)
#3 C:\xampp\htdocs\vscode\clase05\app\Controllers\Dashboard.php(9): view('dashboard/index')
#4 C:\xampp\htdocs\vscode\clase05\system\CodeIgniter.php(825): App\Controllers\Dashboard->index()
#5 C:\xampp\htdocs\vscode\clase05\system\CodeIgniter.php(412): CodeIgniter\CodeIgniter->runController(Object(App\Controllers\Dashboard))
#6 C:\xampp\htdocs\vscode\clase05\system\CodeIgniter.php(320): CodeIgniter\CodeIgniter->handleRequest(NULL, Object(Config\Cache), false)
#7 C:\xampp\htdocs\vscode\clase05\public\index.php(37): CodeIgniter\CodeIgniter->run()
#8 {main}
CRITICAL - 2022-02-27 21:43:27 --> Call to undefined method CodeIgniter\View\View::extends()
#0 C:\xampp\htdocs\vscode\clase05\system\View\View.php(210): include()
#1 C:\xampp\htdocs\vscode\clase05\system\View\View.php(213): CodeIgniter\View\View->CodeIgniter\View\{closure}()
#2 C:\xampp\htdocs\vscode\clase05\system\Common.php(1089): CodeIgniter\View\View->render('dashboard/index', Array, true)
#3 C:\xampp\htdocs\vscode\clase05\app\Controllers\Dashboard.php(9): view('dashboard/index')
#4 C:\xampp\htdocs\vscode\clase05\system\CodeIgniter.php(825): App\Controllers\Dashboard->index()
#5 C:\xampp\htdocs\vscode\clase05\system\CodeIgniter.php(412): CodeIgniter\CodeIgniter->runController(Object(App\Controllers\Dashboard))
#6 C:\xampp\htdocs\vscode\clase05\system\CodeIgniter.php(320): CodeIgniter\CodeIgniter->handleRequest(NULL, Object(Config\Cache), false)
#7 C:\xampp\htdocs\vscode\clase05\public\index.php(37): CodeIgniter\CodeIgniter->run()
#8 {main}
CRITICAL - 2022-02-27 21:43:30 --> Call to undefined method CodeIgniter\View\View::extends()
#0 C:\xampp\htdocs\vscode\clase05\system\View\View.php(210): include()
#1 C:\xampp\htdocs\vscode\clase05\system\View\View.php(213): CodeIgniter\View\View->CodeIgniter\View\{closure}()
#2 C:\xampp\htdocs\vscode\clase05\system\Common.php(1089): CodeIgniter\View\View->render('dashboard/index', Array, true)
#3 C:\xampp\htdocs\vscode\clase05\app\Controllers\Dashboard.php(9): view('dashboard/index')
#4 C:\xampp\htdocs\vscode\clase05\system\CodeIgniter.php(825): App\Controllers\Dashboard->index()
#5 C:\xampp\htdocs\vscode\clase05\system\CodeIgniter.php(412): CodeIgniter\CodeIgniter->runController(Object(App\Controllers\Dashboard))
#6 C:\xampp\htdocs\vscode\clase05\system\CodeIgniter.php(320): CodeIgniter\CodeIgniter->handleRequest(NULL, Object(Config\Cache), false)
#7 C:\xampp\htdocs\vscode\clase05\public\index.php(37): CodeIgniter\CodeIgniter->run()
#8 {main}
CRITICAL - 2022-02-27 21:43:47 --> Call to undefined method CodeIgniter\View\View::extends()
#0 C:\xampp\htdocs\vscode\clase05\system\View\View.php(210): include()
#1 C:\xampp\htdocs\vscode\clase05\system\View\View.php(213): CodeIgniter\View\View->CodeIgniter\View\{closure}()
#2 C:\xampp\htdocs\vscode\clase05\system\Common.php(1089): CodeIgniter\View\View->render('dashboard/index', Array, true)
#3 C:\xampp\htdocs\vscode\clase05\app\Controllers\Dashboard.php(9): view('dashboard/index')
#4 C:\xampp\htdocs\vscode\clase05\system\CodeIgniter.php(825): App\Controllers\Dashboard->index()
#5 C:\xampp\htdocs\vscode\clase05\system\CodeIgniter.php(412): CodeIgniter\CodeIgniter->runController(Object(App\Controllers\Dashboard))
#6 C:\xampp\htdocs\vscode\clase05\system\CodeIgniter.php(320): CodeIgniter\CodeIgniter->handleRequest(NULL, Object(Config\Cache), false)
#7 C:\xampp\htdocs\vscode\clase05\public\index.php(37): CodeIgniter\CodeIgniter->run()
#8 {main}
CRITICAL - 2022-02-27 21:43:49 --> Call to undefined method CodeIgniter\View\View::extends()
#0 C:\xampp\htdocs\vscode\clase05\system\View\View.php(210): include()
#1 C:\xampp\htdocs\vscode\clase05\system\View\View.php(213): CodeIgniter\View\View->CodeIgniter\View\{closure}()
#2 C:\xampp\htdocs\vscode\clase05\system\Common.php(1089): CodeIgniter\View\View->render('dashboard/index', Array, true)
#3 C:\xampp\htdocs\vscode\clase05\app\Controllers\Dashboard.php(9): view('dashboard/index')
#4 C:\xampp\htdocs\vscode\clase05\system\CodeIgniter.php(825): App\Controllers\Dashboard->index()
#5 C:\xampp\htdocs\vscode\clase05\system\CodeIgniter.php(412): CodeIgniter\CodeIgniter->runController(Object(App\Controllers\Dashboard))
#6 C:\xampp\htdocs\vscode\clase05\system\CodeIgniter.php(320): CodeIgniter\CodeIgniter->handleRequest(NULL, Object(Config\Cache), false)
#7 C:\xampp\htdocs\vscode\clase05\public\index.php(37): CodeIgniter\CodeIgniter->run()
#8 {main}
CRITICAL - 2022-02-27 21:43:50 --> Call to undefined method CodeIgniter\View\View::extends()
#0 C:\xampp\htdocs\vscode\clase05\system\View\View.php(210): include()
#1 C:\xampp\htdocs\vscode\clase05\system\View\View.php(213): CodeIgniter\View\View->CodeIgniter\View\{closure}()
#2 C:\xampp\htdocs\vscode\clase05\system\Common.php(1089): CodeIgniter\View\View->render('dashboard/index', Array, true)
#3 C:\xampp\htdocs\vscode\clase05\app\Controllers\Dashboard.php(9): view('dashboard/index')
#4 C:\xampp\htdocs\vscode\clase05\system\CodeIgniter.php(825): App\Controllers\Dashboard->index()
#5 C:\xampp\htdocs\vscode\clase05\system\CodeIgniter.php(412): CodeIgniter\CodeIgniter->runController(Object(App\Controllers\Dashboard))
#6 C:\xampp\htdocs\vscode\clase05\system\CodeIgniter.php(320): CodeIgniter\CodeIgniter->handleRequest(NULL, Object(Config\Cache), false)
#7 C:\xampp\htdocs\vscode\clase05\public\index.php(37): CodeIgniter\CodeIgniter->run()
#8 {main}
CRITICAL - 2022-02-27 21:44:07 --> Call to undefined method CodeIgniter\View\View::extends()
#0 C:\xampp\htdocs\vscode\clase05\system\View\View.php(210): include()
#1 C:\xampp\htdocs\vscode\clase05\system\View\View.php(213): CodeIgniter\View\View->CodeIgniter\View\{closure}()
#2 C:\xampp\htdocs\vscode\clase05\system\Common.php(1089): CodeIgniter\View\View->render('dashboard/index', Array, true)
#3 C:\xampp\htdocs\vscode\clase05\app\Controllers\Dashboard.php(9): view('dashboard/index')
#4 C:\xampp\htdocs\vscode\clase05\system\CodeIgniter.php(825): App\Controllers\Dashboard->index()
#5 C:\xampp\htdocs\vscode\clase05\system\CodeIgniter.php(412): CodeIgniter\CodeIgniter->runController(Object(App\Controllers\Dashboard))
#6 C:\xampp\htdocs\vscode\clase05\system\CodeIgniter.php(320): CodeIgniter\CodeIgniter->handleRequest(NULL, Object(Config\Cache), false)
#7 C:\xampp\htdocs\vscode\clase05\public\index.php(37): CodeIgniter\CodeIgniter->run()
#8 {main}
CRITICAL - 2022-02-27 21:44:08 --> Call to undefined method CodeIgniter\View\View::extends()
#0 C:\xampp\htdocs\vscode\clase05\system\View\View.php(210): include()
#1 C:\xampp\htdocs\vscode\clase05\system\View\View.php(213): CodeIgniter\View\View->CodeIgniter\View\{closure}()
#2 C:\xampp\htdocs\vscode\clase05\system\Common.php(1089): CodeIgniter\View\View->render('dashboard/index', Array, true)
#3 C:\xampp\htdocs\vscode\clase05\app\Controllers\Dashboard.php(9): view('dashboard/index')
#4 C:\xampp\htdocs\vscode\clase05\system\CodeIgniter.php(825): App\Controllers\Dashboard->index()
#5 C:\xampp\htdocs\vscode\clase05\system\CodeIgniter.php(412): CodeIgniter\CodeIgniter->runController(Object(App\Controllers\Dashboard))
#6 C:\xampp\htdocs\vscode\clase05\system\CodeIgniter.php(320): CodeIgniter\CodeIgniter->handleRequest(NULL, Object(Config\Cache), false)
#7 C:\xampp\htdocs\vscode\clase05\public\index.php(37): CodeIgniter\CodeIgniter->run()
#8 {main}
CRITICAL - 2022-02-27 21:44:08 --> Call to undefined method CodeIgniter\View\View::extends()
#0 C:\xampp\htdocs\vscode\clase05\system\View\View.php(210): include()
#1 C:\xampp\htdocs\vscode\clase05\system\View\View.php(213): CodeIgniter\View\View->CodeIgniter\View\{closure}()
#2 C:\xampp\htdocs\vscode\clase05\system\Common.php(1089): CodeIgniter\View\View->render('dashboard/index', Array, true)
#3 C:\xampp\htdocs\vscode\clase05\app\Controllers\Dashboard.php(9): view('dashboard/index')
#4 C:\xampp\htdocs\vscode\clase05\system\CodeIgniter.php(825): App\Controllers\Dashboard->index()
#5 C:\xampp\htdocs\vscode\clase05\system\CodeIgniter.php(412): CodeIgniter\CodeIgniter->runController(Object(App\Controllers\Dashboard))
#6 C:\xampp\htdocs\vscode\clase05\system\CodeIgniter.php(320): CodeIgniter\CodeIgniter->handleRequest(NULL, Object(Config\Cache), false)
#7 C:\xampp\htdocs\vscode\clase05\public\index.php(37): CodeIgniter\CodeIgniter->run()
#8 {main}
CRITICAL - 2022-02-27 21:44:09 --> Call to undefined method CodeIgniter\View\View::extends()
#0 C:\xampp\htdocs\vscode\clase05\system\View\View.php(210): include()
#1 C:\xampp\htdocs\vscode\clase05\system\View\View.php(213): CodeIgniter\View\View->CodeIgniter\View\{closure}()
#2 C:\xampp\htdocs\vscode\clase05\system\Common.php(1089): CodeIgniter\View\View->render('dashboard/index', Array, true)
#3 C:\xampp\htdocs\vscode\clase05\app\Controllers\Dashboard.php(9): view('dashboard/index')
#4 C:\xampp\htdocs\vscode\clase05\system\CodeIgniter.php(825): App\Controllers\Dashboard->index()
#5 C:\xampp\htdocs\vscode\clase05\system\CodeIgniter.php(412): CodeIgniter\CodeIgniter->runController(Object(App\Controllers\Dashboard))
#6 C:\xampp\htdocs\vscode\clase05\system\CodeIgniter.php(320): CodeIgniter\CodeIgniter->handleRequest(NULL, Object(Config\Cache), false)
#7 C:\xampp\htdocs\vscode\clase05\public\index.php(37): CodeIgniter\CodeIgniter->run()
#8 {main}
CRITICAL - 2022-02-27 21:44:10 --> Call to undefined method CodeIgniter\View\View::extends()
#0 C:\xampp\htdocs\vscode\clase05\system\View\View.php(210): include()
#1 C:\xampp\htdocs\vscode\clase05\system\View\View.php(213): CodeIgniter\View\View->CodeIgniter\View\{closure}()
#2 C:\xampp\htdocs\vscode\clase05\system\Common.php(1089): CodeIgniter\View\View->render('dashboard/index', Array, true)
#3 C:\xampp\htdocs\vscode\clase05\app\Controllers\Dashboard.php(9): view('dashboard/index')
#4 C:\xampp\htdocs\vscode\clase05\system\CodeIgniter.php(825): App\Controllers\Dashboard->index()
#5 C:\xampp\htdocs\vscode\clase05\system\CodeIgniter.php(412): CodeIgniter\CodeIgniter->runController(Object(App\Controllers\Dashboard))
#6 C:\xampp\htdocs\vscode\clase05\system\CodeIgniter.php(320): CodeIgniter\CodeIgniter->handleRequest(NULL, Object(Config\Cache), false)
#7 C:\xampp\htdocs\vscode\clase05\public\index.php(37): CodeIgniter\CodeIgniter->run()
#8 {main}
CRITICAL - 2022-02-27 21:44:49 --> Call to undefined method CodeIgniter\View\View::extends()
#0 C:\xampp\htdocs\vscode\clase05\system\View\View.php(210): include()
#1 C:\xampp\htdocs\vscode\clase05\system\View\View.php(213): CodeIgniter\View\View->CodeIgniter\View\{closure}()
#2 C:\xampp\htdocs\vscode\clase05\system\Common.php(1089): CodeIgniter\View\View->render('dashboard/index', Array, true)
#3 C:\xampp\htdocs\vscode\clase05\app\Controllers\Dashboard.php(9): view('dashboard/index')
#4 C:\xampp\htdocs\vscode\clase05\system\CodeIgniter.php(825): App\Controllers\Dashboard->index()
#5 C:\xampp\htdocs\vscode\clase05\system\CodeIgniter.php(412): CodeIgniter\CodeIgniter->runController(Object(App\Controllers\Dashboard))
#6 C:\xampp\htdocs\vscode\clase05\system\CodeIgniter.php(320): CodeIgniter\CodeIgniter->handleRequest(NULL, Object(Config\Cache), false)
#7 C:\xampp\htdocs\vscode\clase05\public\index.php(37): CodeIgniter\CodeIgniter->run()
#8 {main}
CRITICAL - 2022-02-27 21:44:49 --> Call to undefined method CodeIgniter\View\View::extends()
#0 C:\xampp\htdocs\vscode\clase05\system\View\View.php(210): include()
#1 C:\xampp\htdocs\vscode\clase05\system\View\View.php(213): CodeIgniter\View\View->CodeIgniter\View\{closure}()
#2 C:\xampp\htdocs\vscode\clase05\system\Common.php(1089): CodeIgniter\View\View->render('dashboard/index', Array, true)
#3 C:\xampp\htdocs\vscode\clase05\app\Controllers\Dashboard.php(9): view('dashboard/index')
#4 C:\xampp\htdocs\vscode\clase05\system\CodeIgniter.php(825): App\Controllers\Dashboard->index()
#5 C:\xampp\htdocs\vscode\clase05\system\CodeIgniter.php(412): CodeIgniter\CodeIgniter->runController(Object(App\Controllers\Dashboard))
#6 C:\xampp\htdocs\vscode\clase05\system\CodeIgniter.php(320): CodeIgniter\CodeIgniter->handleRequest(NULL, Object(Config\Cache), false)
#7 C:\xampp\htdocs\vscode\clase05\public\index.php(37): CodeIgniter\CodeIgniter->run()
#8 {main}
